{"/Users/riza/Developers/ThrowAway/nodegg/lib/index.js": {"path":"/Users/riza/Developers/ThrowAway/nodegg/lib/index.js","statementMap":{"0":{"start":{"line":1,"column":22},"end":{"line":4,"column":1}},"1":{"start":{"line":2,"column":20},"end":{"line":2,"column":36}},"2":{"start":{"line":3,"column":2},"end":{"line":3,"column":31}},"3":{"start":{"line":6,"column":14},"end":{"line":9,"column":1}},"4":{"start":{"line":7,"column":2},"end":{"line":8,"column":19}},"5":{"start":{"line":7,"column":24},"end":{"line":7,"column":35}},"6":{"start":{"line":8,"column":7},"end":{"line":8,"column":19}},"7":{"start":{"line":11,"column":15},"end":{"line":14,"column":1}},"8":{"start":{"line":12,"column":2},"end":{"line":13,"column":19}},"9":{"start":{"line":12,"column":24},"end":{"line":12,"column":35}},"10":{"start":{"line":13,"column":7},"end":{"line":13,"column":19}},"11":{"start":{"line":16,"column":0},"end":{"line":20,"column":1}}},"fnMap":{"0":{"name":"(anonymous_0)","decl":{"start":{"line":1,"column":22},"end":{"line":1,"column":23}},"loc":{"start":{"line":1,"column":31},"end":{"line":4,"column":1}},"line":1},"1":{"name":"(anonymous_1)","decl":{"start":{"line":6,"column":14},"end":{"line":6,"column":15}},"loc":{"start":{"line":6,"column":24},"end":{"line":9,"column":1}},"line":6},"2":{"name":"(anonymous_2)","decl":{"start":{"line":11,"column":15},"end":{"line":11,"column":16}},"loc":{"start":{"line":11,"column":25},"end":{"line":14,"column":1}},"line":11}},"branchMap":{"0":{"loc":{"start":{"line":7,"column":2},"end":{"line":8,"column":19}},"type":"if","locations":[{"start":{"line":7,"column":2},"end":{"line":8,"column":19}},{"start":{"line":7,"column":2},"end":{"line":8,"column":19}}],"line":7},"1":{"loc":{"start":{"line":12,"column":2},"end":{"line":13,"column":19}},"type":"if","locations":[{"start":{"line":12,"column":2},"end":{"line":13,"column":19}},{"start":{"line":12,"column":2},"end":{"line":13,"column":19}}],"line":12}},"s":{"0":1,"1":1,"2":1,"3":1,"4":1,"5":1,"6":0,"7":1,"8":2,"9":1,"10":1,"11":1},"f":{"0":1,"1":1,"2":2},"b":{"0":[1,0],"1":[1,1]},"_coverageSchema":"332fd63041d2c1bcb487cc26dd0d5f7d97098a6c","hash":"4d75fc472aaff1f31c0768198f8bbf84fb045183"}
}
